TN:
SF:/Users/anastasiatrufanova/Desktop/21/C6_s21_matrix.ID_353530-2/src/s21_matrix.c
FNL:0,112,126
FNA:0,28,s21_mult_number
FNL:1,129,148
FNA:1,20,s21_mult_matrix
FNL:2,151,165
FNA:2,28,s21_transpose
FNL:3,167,201
FNA:3,1398,s21_determinant
FNL:4,204,218
FNA:4,1384,s21_get_minor_matrix
FNL:5,219,234
FNA:5,1378,s21_minor
FNL:6,237,262
FNA:6,28,s21_calc_complements
FNL:7,265,297
FNA:7,24,s21_inverse_matrix
FNL:8,3,31
FNA:8,1830,s21_create_matrix
FNL:9,34,46
FNA:9,1826,s21_remove_matrix
FNL:10,48,65
FNA:10,114,s21_eq_matrix
FNL:11,68,87
FNA:11,18,s21_sum_matrix
FNL:12,90,109
FNA:12,20,s21_sub_matrix
FNF:13
FNH:13
DA:3,1830
DA:4,1830
DA:6,1830
DA:7,10
DA:8,10
DA:9,1820
DA:10,1820
DA:11,0
DA:12,0
DA:13,1820
DA:14,1820
DA:15,1820
DA:17,32852
DA:18,31032
DA:19,31032
DA:20,0
DA:21,0
DA:22,0
DA:23,31032
DA:25,1820
DA:26,0
DA:27,0
DA:31,1830
DA:34,1826
DA:35,1826
DA:36,1824
DA:37,32852
DA:38,31032
DA:39,31032
DA:40,1820
DA:41,1820
DA:42,1820
DA:43,1824
DA:44,1824
DA:45,1824
DA:46,1826
DA:48,114
DA:49,114
DA:50,218
DA:51,106
DA:52,104
DA:53,10
DA:54,10
DA:55,902
DA:56,61240
DA:57,60442
DA:58,60442
DA:59,60442
DA:60,14
DA:61,14
DA:62,60442
DA:63,798
DA:65,114
DA:68,18
DA:69,18
DA:70,28
DA:71,10
DA:72,8
DA:73,8
DA:74,10
DA:75,2
DA:76,2
DA:77,8
DA:78,8
DA:79,8
DA:80,222
DA:81,20248
DA:82,20034
DA:83,20034
DA:84,214
DA:87,18
DA:90,20
DA:91,20
DA:92,32
DA:93,12
DA:94,8
DA:95,8
DA:96,12
DA:97,2
DA:98,2
DA:99,10
DA:100,10
DA:101,10
DA:102,228
DA:103,20260
DA:104,20042
DA:105,20042
DA:106,218
DA:109,20
DA:112,28
DA:113,28
DA:114,28
DA:115,6
DA:116,6
DA:117,22
DA:118,22
DA:119,22
DA:120,274
DA:121,20396
DA:122,20144
DA:123,20144
DA:124,252
DA:126,28
DA:129,20
DA:130,20
DA:131,32
DA:132,12
DA:133,8
DA:134,20
DA:135,2
DA:136,2
DA:137,10
DA:138,10
DA:139,10
DA:140,48
DA:141,280
DA:142,2352
DA:143,2110
DA:144,2110
DA:145,242
DA:146,38
DA:148,20
DA:151,28
DA:152,28
DA:153,28
DA:154,6
DA:155,6
DA:156,22
DA:157,22
DA:158,22
DA:159,104
DA:160,522
DA:161,440
DA:162,440
DA:163,82
DA:165,28
DA:167,1398
DA:168,1398
DA:169,1398
DA:171,1398
DA:172,6
DA:173,1398
DA:174,2
DA:175,2
DA:176,1390
DA:177,1390
DA:178,34
DA:179,1390
DA:180,988
DA:181,988
DA:182,988
DA:185,368
DA:187,1540
DA:188,1172
DA:189,1172
DA:190,1172
DA:191,1172
DA:192,1172
DA:193,1172
DA:194,1172
DA:195,1172
DA:199,1398
DA:201,1398
DA:204,1384
DA:205,1384
DA:206,7922
DA:207,6538
DA:208,5154
DA:209,2014076
DA:210,2008922
DA:211,2003768
DA:212,2003768
DA:213,2003768
DA:214,2008922
DA:215,5154
DA:216,5154
DA:217,6538
DA:218,1384
DA:219,1378
DA:220,1378
DA:222,1378
DA:223,6
DA:224,1378
DA:225,2
DA:226,2
DA:227,1370
DA:229,1370
DA:230,1370
DA:231,1370
DA:234,1378
DA:237,28
DA:238,28
DA:239,28
DA:240,6
DA:241,28
DA:242,2
DA:243,2
DA:244,20
DA:245,20
DA:246,20
DA:249,78
DA:250,244
DA:251,186
DA:252,186
DA:253,186
DA:254,186
DA:255,186
DA:256,186
DA:257,186
DA:258,186
DA:259,58
DA:262,28
DA:265,24
DA:266,24
DA:267,24
DA:269,24
DA:270,4
DA:271,24
DA:272,2
DA:273,20
DA:274,2
DA:275,2
DA:276,2
DA:277,2
DA:278,18
DA:279,2
DA:280,2
DA:281,14
DA:282,14
DA:283,14
DA:284,4
DA:285,4
DA:287,10
DA:288,10
DA:289,10
DA:290,10
DA:291,10
DA:292,10
DA:293,10
DA:295,14
DA:297,24
LF:241
LH:234
end_of_record
TN:
SF:/Users/anastasiatrufanova/Desktop/21/C6_s21_matrix.ID_353530-2/src/tests.c
FNL:0,1018,1038
FNA:0,2,test_minor_2x2_fn
FNL:1,1041,1069
FNA:1,2,test_minor_edge_row_col_fn
FNL:2,1072,1092
FNA:2,2,test_minor_large_matrix_fn
FNL:3,1095,1123
FNA:3,2,test_minor_negative_values_fn
FNL:4,111,122
FNA:4,2,test_sum_null_input_fn
FNL:5,1125,1151
FNA:5,2,test_minor_success_3x3_fn
FNL:6,1154,1168
FNA:6,2,test_minor_invalid_input_fn
FNL:7,1171,1179
FNA:7,2,test_minor_too_small_matrix_fn
FNL:8,1182,1203
FNA:8,2,test_minor_edge_positions_fn
FNL:9,1206,1225
FNA:9,2,test_minor_rectangular_matrix_fn
FNL:10,1228,1238
FNA:10,2,test_minor_memory_allocation_failure_fn
FNL:11,1241,1261
FNA:11,2,test_minor_negative_values_2_fn
FNL:12,125,135
FNA:12,2,test_sum_invalid_sizes_fn
FNL:13,1263,1296
FNA:13,2,test_calc_complements_3x3_fn
FNL:14,1299,1322
FNA:14,2,test_calc_complements_2x2_fn
FNL:15,1325,1334
FNA:15,2,test_calc_complements_1x1_fn
FNL:16,1337,1345
FNA:16,2,test_calc_complements_null_input_fn
FNL:17,1348,1355
FNA:17,2,test_calc_complements_non_square_fn
FNL:18,1358,1391
FNA:18,2,test_calc_complements_zero_det_fn
FNL:19,138,165
FNA:19,2,test_sum_large_matrix_fn
FNL:20,1394,1417
FNA:20,2,test_calc_complements_large_matrix_fn
FNL:21,1420,1443
FNA:21,2,test_calc_complements_negative_values_fn
FNL:22,1445,1456
FNA:22,2,test_determinant_1x1_fn
FNL:23,1459,1474
FNA:23,2,test_determinant_2x2_fn
FNL:24,1477,1497
FNA:24,2,test_determinant_3x3_fn
FNL:25,1500,1520
FNA:25,2,test_determinant_3x3_nonzero_fn
FNL:26,1523,1550
FNA:26,2,test_determinant_4x4_fn
FNL:27,1553,1562
FNA:27,2,test_determinant_null_input_fn
FNL:28,1565,1573
FNA:28,2,test_determinant_non_square_fn
FNL:29,1576,1584
FNA:29,2,test_determinant_invalid_matrix_fn
FNL:30,1587,1603
FNA:30,2,test_determinant_zero_matrix_fn
FNL:31,1606,1626
FNA:31,2,test_determinant_upper_triangular_fn
FNL:32,1629,1646
FNA:32,2,test_determinant_large_matrix_fn
FNL:33,1649,1664
FNA:33,2,test_determinant_negative_values_fn
FNL:34,1666,1699
FNA:34,2,test_inverse_3x3_fn
FNL:35,168,197
FNA:35,2,test_sub_correct_fn
FNL:36,1702,1725
FNA:36,2,test_inverse_2x2_fn
FNL:37,1728,1736
FNA:37,2,test_inverse_null_input_fn
FNL:38,1739,1746
FNA:38,2,test_inverse_non_square_fn
FNL:39,1749,1766
FNA:39,2,test_inverse_singular_matrix_fn
FNL:40,1769,1785
FNA:40,2,test_inverse_1x1_fn
FNL:41,1788,1797
FNA:41,2,test_inverse_1x1_zero_fn
FNL:42,1800,1812
FNA:42,2,test_inverse_zero_det_fn
FNL:43,1815,1838
FNA:43,2,test_inverse_large_matrix_fn
FNL:44,1841,1864
FNA:44,2,test_inverse_negative_values_fn
FNL:45,1867,1885
FNA:45,2,test_inverse_identity_matrix_fn
FNL:46,1887,1903
FNA:46,2,test_create_normal_fn
FNL:47,1906,1916
FNA:47,2,test_create_square_fn
FNL:48,1919,1930
FNA:48,2,test_create_single_element_fn
FNL:49,1933,1938
FNA:49,2,test_create_zero_rows_fn
FNL:50,1941,1946
FNA:50,2,test_create_zero_cols_fn
FNL:51,1949,1954
FNA:51,2,test_create_negative_rows_fn
FNL:52,1957,1962
FNA:52,2,test_create_negative_cols_fn
FNL:53,1965,1969
FNA:53,2,test_create_null_result_fn
FNL:54,1972,1980
FNA:54,2,test_create_memory_failure_fn
FNL:55,1983,1994
FNA:55,2,test_create_matrix_structure_fn
FNL:56,1997,2006
FNA:56,2,test_remove_normal_fn
FNL:57,200,227
FNA:57,2,test_sub_with_zero_fn
FNL:58,2009,2020
FNA:58,2,test_remove_null_matrix_fn
FNL:59,2023,2023
FNA:59,2,test_remove_null_input_fn
FNL:60,2026,2036
FNA:60,2,test_remove_already_removed_fn
FNL:61,2039,2054
FNA:61,2,test_remove_large_matrix_fn
FNL:62,2056,2075
FNA:62,2,test_eq_equal_fn
FNL:63,2078,2097
FNA:63,2,test_eq_not_equal_fn
FNL:64,2100,2109
FNA:64,2,test_eq_different_sizes_fn
FNL:65,2112,2121
FNA:65,2,test_eq_null_input_fn
FNL:66,2124,2136
FNA:66,2,test_eq_precision_fn
FNL:67,2139,2147
FNA:67,2,test_eq_empty_matrix_fn
FNL:68,2150,2169
FNA:68,2,test_eq_negative_values_fn
FNL:69,2172,2195
FNA:69,2,test_eq_large_matrix_fn
FNL:70,2198,2217
FNA:70,2,test_eq_equal_7_fn
FNL:71,2220,2239
FNA:71,2,test_eq_not_equal_7_fn
FNL:72,2242,2254
FNA:72,2,test_eq_precision_7_fn
FNL:73,2257,2269
FNA:73,2,test_eq_precision_6_fn
FNL:74,2272,2287
FNA:74,2,test_eq_edge_cases_fn
FNL:75,2290,2305
FNA:75,2,test_eq_very_small_numbers_fn
FNL:76,230,259
FNA:76,2,test_sub_negative_fn
FNL:77,2308,2323
FNA:77,2,test_eq_very_large_numbers_fn
FNL:78,2326,2444
FNA:78,230,s21_matrix_suite
FNL:79,2446,2455
FNA:79,230,main
FNL:80,262,271
FNA:80,2,test_sub_diff_sizes_fn
FNL:81,274,285
FNA:81,2,test_sub_null_input_fn
FNL:82,288,298
FNA:82,2,test_sub_invalid_sizes_fn
FNL:83,301,328
FNA:83,2,test_sub_large_matrix_fn
FNL:84,331,353
FNA:84,2,test_sub_itself_fn
FNL:85,356,379
FNA:85,2,test_mult_number_correct_fn
FNL:86,37,64
FNA:86,2,test_sum_with_zero_fn
FNL:87,382,407
FNA:87,2,test_mult_number_zero_fn
FNL:88,410,433
FNA:88,2,test_mult_number_negative_fn
FNL:89,436,444
FNA:89,2,test_mult_number_null_input_fn
FNL:90,447,454
FNA:90,2,test_mult_number_invalid_matrix_fn
FNL:91,457,482
FNA:91,2,test_mult_number_large_matrix_fn
FNL:92,485,512
FNA:92,2,test_mult_number_fractional_fn
FNL:93,5,34
FNA:93,2,test_sum_correct_fn
FNL:94,515,540
FNA:94,2,test_mult_number_zero_matrix_fn
FNL:95,542,575
FNA:95,2,test_mult_matrix_correct_fn
FNL:96,578,587
FNA:96,2,test_mult_matrix_incompatible_sizes_fn
FNL:97,590,601
FNA:97,2,test_mult_matrix_null_input_fn
FNL:98,604,614
FNA:98,2,test_mult_matrix_invalid_sizes_fn
FNL:99,617,647
FNA:99,2,test_mult_matrix_large_fn
FNL:100,650,677
FNA:100,2,test_mult_matrix_zero_fn
FNL:101,67,96
FNA:101,2,test_sum_negative_fn
FNL:102,680,703
FNA:102,2,test_mult_matrix_identity_fn
FNL:103,706,735
FNA:103,2,test_mult_matrix_negative_values_fn
FNL:104,737,763
FNA:104,2,test_transpose_correct_fn
FNL:105,766,798
FNA:105,2,test_transpose_square_fn
FNL:106,801,817
FNA:106,2,test_transpose_single_element_fn
FNL:107,820,828
FNA:107,2,test_transpose_null_input_fn
FNL:108,831,838
FNA:108,2,test_transpose_invalid_sizes_fn
FNL:109,841,865
FNA:109,2,test_transpose_zero_matrix_fn
FNL:110,868,892
FNA:110,2,test_transpose_large_matrix_fn
FNL:111,895,921
FNA:111,2,test_transpose_negative_values_fn
FNL:112,923,951
FNA:112,2,test_minor_3x3_center_fn
FNL:113,954,982
FNA:113,2,test_minor_3x3_corner_fn
FNL:114,985,1015
FNA:114,2,test_minor_4x4_middle_fn
FNL:115,99,108
FNA:115,2,test_sum_diff_sizes_fn
FNF:116
FNH:116
DA:5,2
DA:7,2
DA:8,2
DA:10,2
DA:11,2
DA:12,2
DA:13,2
DA:15,2
DA:16,2
DA:17,2
DA:18,2
DA:20,2
DA:22,2
DA:23,2
DA:24,2
DA:25,2
DA:26,2
DA:28,2
DA:30,2
DA:31,2
DA:32,2
DA:33,2
DA:34,2
DA:37,2
DA:39,2
DA:40,2
DA:42,8
DA:43,24
DA:44,18
DA:45,18
DA:46,18
DA:47,6
DA:49,2
DA:51,2
DA:52,8
DA:53,24
DA:54,18
DA:55,18
DA:56,6
DA:58,2
DA:60,2
DA:61,2
DA:62,2
DA:63,2
DA:64,2
DA:67,2
DA:69,2
DA:70,2
DA:72,2
DA:73,2
DA:74,2
DA:75,2
DA:77,2
DA:78,2
DA:79,2
DA:80,2
DA:82,2
DA:84,2
DA:85,2
DA:86,2
DA:87,2
DA:88,2
DA:90,2
DA:92,2
DA:93,2
DA:94,2
DA:95,2
DA:96,2
DA:99,2
DA:101,2
DA:102,2
DA:104,2
DA:106,2
DA:107,2
DA:108,2
DA:111,2
DA:113,2
DA:114,2
DA:116,2
DA:117,2
DA:118,2
DA:120,2
DA:121,2
DA:122,2
DA:125,2
DA:127,2
DA:128,2
DA:129,2
DA:130,2
DA:131,2
DA:132,2
DA:134,2
DA:135,2
DA:138,2
DA:140,2
DA:141,2
DA:142,2
DA:144,202
DA:145,20200
DA:146,20000
DA:147,20000
DA:148,20000
DA:149,200
DA:151,2
DA:153,2
DA:154,202
DA:155,20200
DA:156,20000
DA:157,20000
DA:158,20000
DA:159,200
DA:161,2
DA:162,2
DA:163,2
DA:164,2
DA:165,2
DA:168,2
DA:170,2
DA:171,2
DA:173,2
DA:174,2
DA:175,2
DA:176,2
DA:178,2
DA:179,2
DA:180,2
DA:181,2
DA:183,2
DA:185,2
DA:186,2
DA:187,2
DA:188,2
DA:189,2
DA:191,2
DA:193,2
DA:194,2
DA:195,2
DA:196,2
DA:197,2
DA:200,2
DA:202,2
DA:203,2
DA:205,8
DA:206,24
DA:207,18
DA:208,18
DA:209,18
DA:210,6
DA:212,2
DA:214,2
DA:215,8
DA:216,24
DA:217,18
DA:218,18
DA:219,6
DA:221,2
DA:223,2
DA:224,2
DA:225,2
DA:226,2
DA:227,2
DA:230,2
DA:232,2
DA:233,2
DA:235,2
DA:236,2
DA:237,2
DA:238,2
DA:240,2
DA:241,2
DA:242,2
DA:243,2
DA:245,2
DA:247,2
DA:248,2
DA:249,2
DA:250,2
DA:251,2
DA:253,2
DA:255,2
DA:256,2
DA:257,2
DA:258,2
DA:259,2
DA:262,2
DA:264,2
DA:265,2
DA:267,2
DA:269,2
DA:270,2
DA:271,2
DA:274,2
DA:276,2
DA:277,2
DA:279,2
DA:280,2
DA:281,2
DA:283,2
DA:284,2
DA:285,2
DA:288,2
DA:290,2
DA:291,2
DA:292,2
DA:293,2
DA:294,2
DA:295,2
DA:297,2
DA:298,2
DA:301,2
DA:303,2
DA:304,2
DA:305,2
DA:307,202
DA:308,20200
DA:309,20000
DA:310,20000
DA:311,20000
DA:312,200
DA:314,2
DA:316,2
DA:317,202
DA:318,20200
DA:319,20000
DA:320,20000
DA:321,20000
DA:322,200
DA:324,2
DA:325,2
DA:326,2
DA:327,2
DA:328,2
DA:331,2
DA:333,2
DA:335,2
DA:336,2
DA:337,2
DA:338,2
DA:340,2
DA:342,2
DA:343,2
DA:344,2
DA:345,2
DA:346,2
DA:348,2
DA:350,2
DA:351,2
DA:352,2
DA:353,2
DA:356,2
DA:358,2
DA:360,2
DA:361,2
DA:362,2
DA:363,2
DA:365,2
DA:366,2
DA:368,2
DA:369,2
DA:370,2
DA:371,2
DA:372,2
DA:374,2
DA:376,2
DA:377,2
DA:378,2
DA:379,2
DA:382,2
DA:384,2
DA:386,8
DA:387,24
DA:388,18
DA:389,18
DA:390,6
DA:392,2
DA:393,2
DA:395,2
DA:396,8
DA:397,24
DA:398,18
DA:399,18
DA:400,6
DA:402,2
DA:404,2
DA:405,2
DA:406,2
DA:407,2
DA:410,2
DA:412,2
DA:414,2
DA:415,2
DA:416,2
DA:417,2
DA:419,2
DA:420,2
DA:422,2
DA:423,2
DA:424,2
DA:425,2
DA:426,2
DA:428,2
DA:430,2
DA:431,2
DA:432,2
DA:433,2
DA:436,2
DA:438,2
DA:440,2
DA:441,2
DA:443,2
DA:444,2
DA:447,2
DA:449,2
DA:450,2
DA:451,2
DA:453,2
DA:454,2
DA:457,2
DA:459,2
DA:460,2
DA:462,202
DA:463,20200
DA:464,20000
DA:465,20000
DA:466,200
DA:468,2
DA:469,2
DA:471,2
DA:472,202
DA:473,20200
DA:474,20000
DA:475,20000
DA:476,20000
DA:477,200
DA:479,2
DA:480,2
DA:481,2
DA:482,2
DA:485,2
DA:487,2
DA:489,2
DA:490,2
DA:491,2
DA:492,2
DA:494,2
DA:495,2
DA:497,2
DA:498,2
DA:499,2
DA:500,2
DA:501,2
DA:503,6
DA:504,12
DA:505,8
DA:506,8
DA:507,4
DA:509,2
DA:510,2
DA:511,2
DA:512,2
DA:515,2
DA:517,2
DA:519,8
DA:520,24
DA:521,18
DA:522,18
DA:523,6
DA:525,2
DA:526,2
DA:528,2
DA:529,8
DA:530,24
DA:531,18
DA:532,18
DA:533,6
DA:535,2
DA:537,2
DA:538,2
DA:539,2
DA:540,2
DA:542,2
DA:544,2
DA:545,2
DA:547,2
DA:548,2
DA:549,2
DA:550,2
DA:551,2
DA:552,2
DA:554,2
DA:555,2
DA:556,2
DA:557,2
DA:558,2
DA:559,2
DA:561,2
DA:563,2
DA:564,2
DA:565,2
DA:566,2
DA:567,2
DA:569,2
DA:571,2
DA:572,2
DA:573,2
DA:574,2
DA:575,2
DA:578,2
DA:580,2
DA:581,2
DA:583,2
DA:585,2
DA:586,2
DA:587,2
DA:590,2
DA:592,2
DA:593,2
DA:595,2
DA:596,2
DA:597,2
DA:599,2
DA:600,2
DA:601,2
DA:604,2
DA:606,2
DA:607,2
DA:608,2
DA:609,2
DA:610,2
DA:611,2
DA:613,2
DA:614,2
DA:617,2
DA:619,2
DA:620,2
DA:621,2
DA:623,22
DA:624,220
DA:625,200
DA:626,200
DA:627,200
DA:628,20
DA:630,2
DA:632,2
DA:633,22
DA:634,220
DA:635,200
DA:636,2200
DA:637,2000
DA:638,2000
DA:639,200
DA:640,200
DA:641,20
DA:643,2
DA:644,2
DA:645,2
DA:646,2
DA:647,2
DA:650,2
DA:652,2
DA:653,2
DA:655,6
DA:656,12
DA:657,8
DA:658,8
DA:659,8
DA:660,4
DA:662,2
DA:664,2
DA:665,6
DA:666,12
DA:667,8
DA:668,8
DA:669,4
DA:671,2
DA:673,2
DA:674,2
DA:675,2
DA:676,2
DA:677,2
DA:680,2
DA:682,2
DA:683,2
DA:685,8
DA:686,24
DA:687,18
DA:688,18
DA:689,6
DA:691,8
DA:692,24
DA:693,18
DA:694,18
DA:695,6
DA:697,2
DA:698,2
DA:700,2
DA:701,2
DA:702,2
DA:703,2
DA:706,2
DA:708,2
DA:709,2
DA:711,2
DA:712,2
DA:713,2
DA:714,2
DA:716,2
DA:717,2
DA:718,2
DA:719,2
DA:721,2
DA:723,2
DA:724,2
DA:725,2
DA:726,2
DA:727,2
DA:729,2
DA:731,2
DA:732,2
DA:733,2
DA:734,2
DA:735,2
DA:737,2
DA:739,2
DA:741,2
DA:742,2
DA:743,2
DA:744,2
DA:745,2
DA:746,2
DA:748,2
DA:750,2
DA:751,2
DA:752,2
DA:753,2
DA:754,2
DA:755,2
DA:756,2
DA:758,2
DA:760,2
DA:761,2
DA:762,2
DA:763,2
DA:766,2
DA:768,2
DA:770,2
DA:771,2
DA:772,2
DA:773,2
DA:774,2
DA:775,2
DA:776,2
DA:777,2
DA:778,2
DA:780,2
DA:782,2
DA:783,2
DA:784,2
DA:785,2
DA:786,2
DA:787,2
DA:788,2
DA:789,2
DA:790,2
DA:791,2
DA:793,2
DA:795,2
DA:796,2
DA:797,2
DA:798,2
DA:801,2
DA:803,2
DA:805,2
DA:807,2
DA:809,2
DA:810,2
DA:812,2
DA:814,2
DA:815,2
DA:816,2
DA:817,2
DA:820,2
DA:822,2
DA:824,2
DA:825,2
DA:827,2
DA:828,2
DA:831,2
DA:833,2
DA:834,2
DA:835,2
DA:837,2
DA:838,2
DA:841,2
DA:843,2
DA:845,8
DA:846,18
DA:847,12
DA:848,12
DA:849,6
DA:851,2
DA:853,2
DA:854,6
DA:855,16
DA:856,12
DA:857,12
DA:858,4
DA:860,2
DA:862,2
DA:863,2
DA:864,2
DA:865,2
DA:868,2
DA:870,2
DA:871,2
DA:873,22
DA:874,320
DA:875,300
DA:876,300
DA:877,20
DA:879,2
DA:881,2
DA:882,32
DA:883,330
DA:884,300
DA:885,300
DA:886,300
DA:887,30
DA:889,2
DA:890,2
DA:891,2
DA:892,2
DA:895,2
DA:897,2
DA:899,2
DA:900,2
DA:901,2
DA:902,2
DA:903,2
DA:904,2
DA:906,2
DA:908,2
DA:909,2
DA:910,2
DA:911,2
DA:912,2
DA:913,2
DA:914,2
DA:916,2
DA:918,2
DA:919,2
DA:920,2
DA:921,2
DA:923,2
DA:925,2
DA:926,2
DA:928,2
DA:929,2
DA:930,2
DA:931,2
DA:932,2
DA:933,2
DA:934,2
DA:935,2
DA:936,2
DA:938,2
DA:940,2
DA:941,2
DA:942,2
DA:943,2
DA:944,2
DA:946,2
DA:948,2
DA:949,2
DA:950,2
DA:951,2
DA:954,2
DA:956,2
DA:957,2
DA:959,2
DA:960,2
DA:961,2
DA:962,2
DA:963,2
DA:964,2
DA:965,2
DA:966,2
DA:967,2
DA:969,2
DA:971,2
DA:972,2
DA:973,2
DA:974,2
DA:975,2
DA:977,2
DA:979,2
DA:980,2
DA:981,2
DA:982,2
DA:985,2
DA:987,2
DA:988,2
DA:990,2
DA:991,10
DA:992,40
DA:993,32
DA:994,32
DA:995,8
DA:997,2
DA:999,2
DA:1000,2
DA:1001,2
DA:1002,2
DA:1003,2
DA:1004,2
DA:1005,2
DA:1006,2
DA:1007,2
DA:1008,2
DA:1010,2
DA:1012,2
DA:1013,2
DA:1014,2
DA:1015,2
DA:1018,2
DA:1020,2
DA:1021,2
DA:1023,2
DA:1024,2
DA:1025,2
DA:1026,2
DA:1028,2
DA:1030,2
DA:1031,2
DA:1033,2
DA:1035,2
DA:1036,2
DA:1037,2
DA:1038,2
DA:1041,2
DA:1043,2
DA:1044,2
DA:1046,2
DA:1047,2
DA:1048,2
DA:1049,2
DA:1050,2
DA:1051,2
DA:1052,2
DA:1053,2
DA:1054,2
DA:1056,2
DA:1058,2
DA:1059,2
DA:1060,2
DA:1061,2
DA:1062,2
DA:1064,2
DA:1066,2
DA:1067,2
DA:1068,2
DA:1069,2
DA:1072,2
DA:1074,2
DA:1075,2
DA:1076,2
DA:1078,22
DA:1079,220
DA:1080,200
DA:1081,200
DA:1082,20
DA:1084,2
DA:1086,2
DA:1087,2
DA:1090,2
DA:1091,2
DA:1092,2
DA:1095,2
DA:1097,2
DA:1098,2
DA:1100,2
DA:1101,2
DA:1102,2
DA:1103,2
DA:1104,2
DA:1105,2
DA:1106,2
DA:1107,2
DA:1108,2
DA:1110,2
DA:1112,2
DA:1113,2
DA:1114,2
DA:1115,2
DA:1116,2
DA:1118,2
DA:1120,2
DA:1121,2
DA:1122,2
DA:1123,2
DA:1125,2
DA:1127,2
DA:1129,2
DA:1130,2
DA:1131,2
DA:1132,2
DA:1133,2
DA:1134,2
DA:1135,2
DA:1136,2
DA:1137,2
DA:1139,2
DA:1140,2
DA:1142,2
DA:1143,2
DA:1144,2
DA:1145,2
DA:1146,2
DA:1147,2
DA:1149,2
DA:1150,2
DA:1151,2
DA:1154,2
DA:1156,2
DA:1158,2
DA:1159,2
DA:1162,2
DA:1163,2
DA:1164,2
DA:1165,2
DA:1167,2
DA:1168,2
DA:1171,2
DA:1173,2
DA:1174,2
DA:1176,2
DA:1178,2
DA:1179,2
DA:1182,2
DA:1184,2
DA:1186,10
DA:1187,40
DA:1188,32
DA:1189,32
DA:1190,8
DA:1192,2
DA:1193,2
DA:1194,2
DA:1195,2
DA:1197,2
DA:1198,2
DA:1199,2
DA:1200,2
DA:1202,2
DA:1203,2
DA:1206,2
DA:1208,2
DA:1210,2
DA:1211,2
DA:1212,2
DA:1213,2
DA:1214,2
DA:1215,2
DA:1217,2
DA:1218,2
DA:1219,2
DA:1220,2
DA:1221,2
DA:1223,2
DA:1224,2
DA:1225,2
DA:1228,2
DA:1230,2
DA:1231,2
DA:1232,2
DA:1234,2
DA:1235,2
DA:1236,2
DA:1237,2
DA:1238,2
DA:1241,2
DA:1243,2
DA:1245,2
DA:1246,2
DA:1247,2
DA:1248,2
DA:1249,2
DA:1250,2
DA:1251,2
DA:1252,2
DA:1253,2
DA:1255,2
DA:1256,2
DA:1257,2
DA:1259,2
DA:1260,2
DA:1261,2
DA:1263,2
DA:1265,2
DA:1267,2
DA:1268,2
DA:1269,2
DA:1270,2
DA:1271,2
DA:1272,2
DA:1273,2
DA:1274,2
DA:1275,2
DA:1277,2
DA:1278,2
DA:1280,2
DA:1281,2
DA:1282,2
DA:1283,2
DA:1284,2
DA:1285,2
DA:1286,2
DA:1287,2
DA:1288,2
DA:1289,2
DA:1291,2
DA:1293,2
DA:1294,2
DA:1295,2
DA:1296,2
DA:1299,2
DA:1301,2
DA:1303,2
DA:1304,2
DA:1305,2
DA:1306,2
DA:1308,2
DA:1309,2
DA:1311,2
DA:1312,2
DA:1313,2
DA:1314,2
DA:1315,2
DA:1317,2
DA:1319,2
DA:1320,2
DA:1321,2
DA:1322,2
DA:1325,2
DA:1327,2
DA:1328,2
DA:1330,2
DA:1331,2
DA:1333,2
DA:1334,2
DA:1337,2
DA:1339,2
DA:1341,2
DA:1342,2
DA:1344,2
DA:1345,2
DA:1348,2
DA:1350,2
DA:1352,2
DA:1354,2
DA:1355,2
DA:1358,2
DA:1360,2
DA:1362,2
DA:1363,2
DA:1364,2
DA:1365,2
DA:1366,2
DA:1367,2
DA:1368,2
DA:1369,2
DA:1370,2
DA:1372,2
DA:1373,2
DA:1375,2
DA:1376,2
DA:1377,2
DA:1378,2
DA:1379,2
DA:1380,2
DA:1381,2
DA:1382,2
DA:1383,2
DA:1384,2
DA:1386,2
DA:1388,2
DA:1389,2
DA:1390,2
DA:1391,2
DA:1394,2
DA:1396,2
DA:1397,2
DA:1399,12
DA:1400,60
DA:1401,50
DA:1402,50
DA:1403,10
DA:1405,2
DA:1406,2
DA:1408,12
DA:1409,60
DA:1410,50
DA:1411,50
DA:1412,50
DA:1413,10
DA:1415,2
DA:1416,2
DA:1417,2
DA:1420,2
DA:1422,2
DA:1424,2
DA:1425,2
DA:1426,2
DA:1427,2
DA:1429,2
DA:1430,2
DA:1432,2
DA:1433,2
DA:1434,2
DA:1435,2
DA:1436,2
DA:1438,2
DA:1440,2
DA:1441,2
DA:1442,2
DA:1443,2
DA:1445,2
DA:1448,2
DA:1449,2
DA:1451,2
DA:1452,2
DA:1453,2
DA:1455,2
DA:1456,2
DA:1459,2
DA:1462,2
DA:1464,2
DA:1465,2
DA:1466,2
DA:1467,2
DA:1469,2
DA:1470,2
DA:1471,2
DA:1473,2
DA:1474,2
DA:1477,2
DA:1480,2
DA:1482,2
DA:1483,2
DA:1484,2
DA:1485,2
DA:1486,2
DA:1487,2
DA:1488,2
DA:1489,2
DA:1490,2
DA:1492,2
DA:1493,2
DA:1494,2
DA:1496,2
DA:1497,2
DA:1500,2
DA:1503,2
DA:1505,2
DA:1506,2
DA:1507,2
DA:1508,2
DA:1509,2
DA:1510,2
DA:1511,2
DA:1512,2
DA:1513,2
DA:1515,2
DA:1516,2
DA:1517,2
DA:1519,2
DA:1520,2
DA:1523,2
DA:1526,2
DA:1528,2
DA:1529,2
DA:1530,2
DA:1531,2
DA:1532,2
DA:1533,2
DA:1534,2
DA:1535,2
DA:1536,2
DA:1537,2
DA:1538,2
DA:1539,2
DA:1540,2
DA:1541,2
DA:1542,2
DA:1543,2
DA:1545,2
DA:1546,2
DA:1547,2
DA:1549,2
DA:1550,2
DA:1553,2
DA:1556,2
DA:1558,2
DA:1559,2
DA:1561,2
DA:1562,2
DA:1565,2
DA:1568,2
DA:1570,2
DA:1572,2
DA:1573,2
DA:1576,2
DA:1579,2
DA:1580,2
DA:1581,2
DA:1583,2
DA:1584,2
DA:1587,2
DA:1590,2
DA:1592,8
DA:1593,24
DA:1594,18
DA:1595,18
DA:1596,6
DA:1598,2
DA:1599,2
DA:1600,2
DA:1602,2
DA:1603,2
DA:1606,2
DA:1609,2
DA:1611,2
DA:1612,2
DA:1613,2
DA:1614,2
DA:1615,2
DA:1616,2
DA:1617,2
DA:1618,2
DA:1619,2
DA:1621,2
DA:1622,2
DA:1623,2
DA:1625,2
DA:1626,2
DA:1629,2
DA:1632,2
DA:1633,2
DA:1635,12
DA:1636,60
DA:1637,50
DA:1638,50
DA:1639,10
DA:1641,2
DA:1642,2
DA:1643,2
DA:1645,2
DA:1646,2
DA:1649,2
DA:1652,2
DA:1654,2
DA:1655,2
DA:1656,2
DA:1657,2
DA:1659,2
DA:1660,2
DA:1661,2
DA:1663,2
DA:1664,2
DA:1666,2
DA:1668,2
DA:1670,2
DA:1671,2
DA:1672,2
DA:1673,2
DA:1674,2
DA:1675,2
DA:1676,2
DA:1677,2
DA:1678,2
DA:1680,2
DA:1681,2
DA:1683,2
DA:1684,2
DA:1685,2
DA:1686,2
DA:1687,2
DA:1688,2
DA:1689,2
DA:1690,2
DA:1691,2
DA:1692,2
DA:1694,2
DA:1696,2
DA:1697,2
DA:1698,2
DA:1699,2
DA:1702,2
DA:1704,2
DA:1706,2
DA:1707,2
DA:1708,2
DA:1709,2
DA:1711,2
DA:1712,2
DA:1714,2
DA:1715,2
DA:1716,2
DA:1717,2
DA:1718,2
DA:1720,2
DA:1722,2
DA:1723,2
DA:1724,2
DA:1725,2
DA:1728,2
DA:1730,2
DA:1732,2
DA:1733,2
DA:1735,2
DA:1736,2
DA:1739,2
DA:1741,2
DA:1743,2
DA:1745,2
DA:1746,2
DA:1749,2
DA:1751,2
DA:1753,2
DA:1754,2
DA:1755,2
DA:1756,2
DA:1757,2
DA:1758,2
DA:1759,2
DA:1760,2
DA:1761,2
DA:1763,2
DA:1765,2
DA:1766,2
DA:1769,2
DA:1771,2
DA:1772,2
DA:1774,2
DA:1775,2
DA:1777,2
DA:1778,2
DA:1780,2
DA:1782,2
DA:1783,2
DA:1784,2
DA:1785,2
DA:1788,2
DA:1790,2
DA:1791,2
DA:1793,2
DA:1794,2
DA:1796,2
DA:1797,2
DA:1800,2
DA:1802,2
DA:1804,2
DA:1805,2
DA:1806,2
DA:1807,2
DA:1809,2
DA:1811,2
DA:1812,2
DA:1815,2
DA:1817,2
DA:1818,2
DA:1820,10
DA:1821,40
DA:1822,32
DA:1823,32
DA:1824,8
DA:1826,2
DA:1827,2
DA:1829,10
DA:1830,40
DA:1831,32
DA:1832,32
DA:1833,32
DA:1834,8
DA:1836,2
DA:1837,2
DA:1838,2
DA:1841,2
DA:1843,2
DA:1845,2
DA:1846,2
DA:1847,2
DA:1848,2
DA:1850,2
DA:1851,2
DA:1853,2
DA:1854,2
DA:1855,2
DA:1856,2
DA:1857,2
DA:1859,2
DA:1861,2
DA:1862,2
DA:1863,2
DA:1864,2
DA:1867,2
DA:1869,2
DA:1870,2
DA:1872,8
DA:1873,24
DA:1874,18
DA:1875,18
DA:1876,6
DA:1878,2
DA:1879,2
DA:1881,2
DA:1883,2
DA:1884,2
DA:1885,2
DA:1887,2
DA:1889,2
DA:1891,2
DA:1892,2
DA:1893,2
DA:1894,2
DA:1896,8
DA:1897,30
DA:1898,24
DA:1899,24
DA:1900,6
DA:1902,2
DA:1903,2
DA:1906,2
DA:1908,2
DA:1910,2
DA:1911,2
DA:1912,2
DA:1913,2
DA:1915,2
DA:1916,2
DA:1919,2
DA:1921,2
DA:1923,2
DA:1924,2
DA:1925,2
DA:1926,2
DA:1927,2
DA:1929,2
DA:1930,2
DA:1933,2
DA:1935,2
DA:1937,2
DA:1938,2
DA:1941,2
DA:1943,2
DA:1945,2
DA:1946,2
DA:1949,2
DA:1951,2
DA:1953,2
DA:1954,2
DA:1957,2
DA:1959,2
DA:1961,2
DA:1962,2
DA:1965,2
DA:1966,2
DA:1968,2
DA:1969,2
DA:1972,2
DA:1974,2
DA:1976,2
DA:1977,2
DA:1978,2
DA:1979,2
DA:1980,2
DA:1983,2
DA:1985,2
DA:1987,2
DA:1988,2
DA:1989,6
DA:1990,4
DA:1991,4
DA:1993,2
DA:1994,2
DA:1997,2
DA:1999,2
DA:2001,2
DA:2003,2
DA:2004,2
DA:2005,2
DA:2006,2
DA:2009,2
DA:2010,2
DA:2011,2
DA:2012,2
DA:2013,2
DA:2015,2
DA:2017,2
DA:2018,2
DA:2019,2
DA:2020,2
DA:2023,2
DA:2026,2
DA:2028,2
DA:2029,2
DA:2031,2
DA:2033,2
DA:2034,2
DA:2035,2
DA:2036,2
DA:2039,2
DA:2041,2
DA:2043,202
DA:2044,20200
DA:2045,20000
DA:2046,20000
DA:2047,200
DA:2049,2
DA:2051,2
DA:2052,2
DA:2053,2
DA:2054,2
DA:2056,2
DA:2058,2
DA:2059,2
DA:2061,2
DA:2062,2
DA:2063,2
DA:2064,2
DA:2066,2
DA:2067,2
DA:2068,2
DA:2069,2
DA:2071,2
DA:2073,2
DA:2074,2
DA:2075,2
DA:2078,2
DA:2080,2
DA:2081,2
DA:2083,2
DA:2084,2
DA:2085,2
DA:2086,2
DA:2088,2
DA:2089,2
DA:2090,2
DA:2091,2
DA:2093,2
DA:2095,2
DA:2096,2
DA:2097,2
DA:2100,2
DA:2102,2
DA:2103,2
DA:2105,2
DA:2107,2
DA:2108,2
DA:2109,2
DA:2112,2
DA:2114,2
DA:2116,2
DA:2117,2
DA:2118,2
DA:2120,2
DA:2121,2
DA:2124,2
DA:2126,2
DA:2127,2
DA:2129,2
DA:2130,2
DA:2132,2
DA:2134,2
DA:2135,2
DA:2136,2
DA:2139,2
DA:2141,2
DA:2142,2
DA:2143,2
DA:2144,2
DA:2146,2
DA:2147,2
DA:2150,2
DA:2152,2
DA:2153,2
DA:2155,2
DA:2156,2
DA:2157,2
DA:2158,2
DA:2160,2
DA:2161,2
DA:2162,2
DA:2163,2
DA:2165,2
DA:2167,2
DA:2168,2
DA:2169,2
DA:2172,2
DA:2174,2
DA:2175,2
DA:2176,2
DA:2178,202
DA:2179,20200
DA:2180,20000
DA:2181,20000
DA:2182,20000
DA:2183,200
DA:2185,2
DA:2187,2
DA:2188,2
DA:2190,2
DA:2191,2
DA:2193,2
DA:2194,2
DA:2195,2
DA:2198,2
DA:2200,2
DA:2201,2
DA:2203,2
DA:2204,2
DA:2205,2
DA:2206,2
DA:2208,2
DA:2209,2
DA:2210,2
DA:2211,2
DA:2213,2
DA:2215,2
DA:2216,2
DA:2217,2
DA:2220,2
DA:2222,2
DA:2223,2
DA:2225,2
DA:2226,2
DA:2227,2
DA:2228,2
DA:2230,2
DA:2231,2
DA:2232,2
DA:2233,2
DA:2235,2
DA:2237,2
DA:2238,2
DA:2239,2
DA:2242,2
DA:2244,2
DA:2245,2
DA:2247,2
DA:2248,2
DA:2250,2
DA:2252,2
DA:2253,2
DA:2254,2
DA:2257,2
DA:2259,2
DA:2260,2
DA:2262,2
DA:2263,2
DA:2265,2
DA:2267,2
DA:2268,2
DA:2269,2
DA:2272,2
DA:2274,2
DA:2275,2
DA:2277,2
DA:2278,2
DA:2279,2
DA:2281,2
DA:2282,2
DA:2283,2
DA:2285,2
DA:2286,2
DA:2287,2
DA:2290,2
DA:2292,2
DA:2293,2
DA:2295,2
DA:2296,2
DA:2297,2
DA:2299,2
DA:2300,2
DA:2301,2
DA:2303,2
DA:2304,2
DA:2305,2
DA:2308,2
DA:2310,2
DA:2311,2
DA:2313,2
DA:2314,2
DA:2315,2
DA:2317,2
DA:2318,2
DA:2319,2
DA:2321,2
DA:2322,2
DA:2323,2
DA:2326,230
DA:2327,230
DA:2328,230
DA:2329,230
DA:2330,230
DA:2331,230
DA:2332,230
DA:2333,230
DA:2334,230
DA:2335,230
DA:2336,230
DA:2337,230
DA:2338,230
DA:2339,230
DA:2340,230
DA:2341,230
DA:2342,230
DA:2343,230
DA:2344,230
DA:2345,230
DA:2346,230
DA:2347,230
DA:2348,230
DA:2349,230
DA:2350,230
DA:2351,230
DA:2352,230
DA:2353,230
DA:2354,230
DA:2355,230
DA:2356,230
DA:2357,230
DA:2358,230
DA:2359,230
DA:2360,230
DA:2361,230
DA:2362,230
DA:2363,230
DA:2364,230
DA:2365,230
DA:2366,230
DA:2367,230
DA:2368,230
DA:2369,230
DA:2370,230
DA:2371,230
DA:2372,230
DA:2373,230
DA:2374,230
DA:2375,230
DA:2376,230
DA:2377,230
DA:2378,230
DA:2379,230
DA:2380,230
DA:2381,230
DA:2382,230
DA:2383,230
DA:2384,230
DA:2385,230
DA:2386,230
DA:2387,230
DA:2388,230
DA:2389,230
DA:2390,230
DA:2391,230
DA:2392,230
DA:2393,230
DA:2394,230
DA:2395,230
DA:2396,230
DA:2397,230
DA:2398,230
DA:2399,230
DA:2400,230
DA:2401,230
DA:2402,230
DA:2403,230
DA:2404,230
DA:2405,230
DA:2406,230
DA:2407,230
DA:2408,230
DA:2409,230
DA:2410,230
DA:2411,230
DA:2412,230
DA:2413,230
DA:2414,230
DA:2415,230
DA:2416,230
DA:2417,230
DA:2418,230
DA:2419,230
DA:2420,230
DA:2421,230
DA:2422,230
DA:2423,230
DA:2424,230
DA:2425,230
DA:2426,230
DA:2427,230
DA:2428,230
DA:2429,230
DA:2430,230
DA:2431,230
DA:2432,230
DA:2433,230
DA:2434,230
DA:2435,230
DA:2436,230
DA:2437,230
DA:2438,230
DA:2439,230
DA:2440,230
DA:2441,230
DA:2442,230
DA:2443,230
DA:2444,230
DA:2446,230
DA:2448,230
DA:2449,230
DA:2451,230
DA:2452,230
DA:2453,230
DA:2455,230
LF:1726
LH:1726
end_of_record
